<?xml version="1.0" encoding="UTF-8"?>
<testsuite xmlns:xsi="http://www.w3.org/2001/XMLSchema-instance" xsi:noNamespaceSchemaLocation="https://maven.apache.org/surefire/maven-surefire-plugin/xsd/surefire-test-report.xsd" name="edu.cmu.stl.encoder.ints.util.EncodingTest" time="0" tests="1" errors="0" skipped="0" failures="0">
  <properties>
    <property name="java.specification.version" value="18"/>
    <property name="sun.jnu.encoding" value="UTF-8"/>
    <property name="java.class.path" value="/Users/rockita/Code/req-weak/stl/target/test-classes:/Users/rockita/Code/req-weak/stl/target/classes:/Users/rockita/.m2/repository/junit/junit/4.11/junit-4.11.jar:/Users/rockita/.m2/repository/org/hamcrest/hamcrest-core/1.3/hamcrest-core-1.3.jar:/Users/rockita/.m2/repository/com/google/ortools/ortools-java/9.3.10497/ortools-java-9.3.10497.jar:/Users/rockita/.m2/repository/com/google/ortools/ortools-linux-x86-64/9.3.10497/ortools-linux-x86-64-9.3.10497.jar:/Users/rockita/.m2/repository/com/google/ortools/ortools-darwin-x86-64/9.3.10497/ortools-darwin-x86-64-9.3.10497.jar:/Users/rockita/.m2/repository/com/google/ortools/ortools-win32-x86-64/9.3.10497/ortools-win32-x86-64-9.3.10497.jar:/Users/rockita/.m2/repository/net/java/dev/jna/jna-platform/5.8.0/jna-platform-5.8.0.jar:/Users/rockita/.m2/repository/net/java/dev/jna/jna/5.8.0/jna-5.8.0.jar:/Users/rockita/.m2/repository/com/google/protobuf/protobuf-java/3.19.4/protobuf-java-3.19.4.jar:/Users/rockita/.m2/repository/org/json/json/20220320/json-20220320.jar:/Users/rockita/.m2/repository/org/antlr/antlr4-runtime/4.10.1/antlr4-runtime-4.10.1.jar:/Users/rockita/.m2/repository/org/antlr/antlr4-maven-plugin/4.10.1/antlr4-maven-plugin-4.10.1.jar:/Users/rockita/.m2/repository/org/codehaus/plexus/plexus-compiler-api/2.9.0/plexus-compiler-api-2.9.0.jar:/Users/rockita/.m2/repository/org/codehaus/plexus/plexus-utils/3.3.0/plexus-utils-3.3.0.jar:/Users/rockita/.m2/repository/org/sonatype/plexus/plexus-build-api/0.0.7/plexus-build-api-0.0.7.jar:/Users/rockita/.m2/repository/org/antlr/antlr4/4.10.1/antlr4-4.10.1.jar:/Users/rockita/.m2/repository/org/antlr/antlr-runtime/3.5.3/antlr-runtime-3.5.3.jar:/Users/rockita/.m2/repository/org/antlr/ST4/4.3.3/ST4-4.3.3.jar:/Users/rockita/.m2/repository/org/abego/treelayout/org.abego.treelayout.core/1.0.3/org.abego.treelayout.core-1.0.3.jar:/Users/rockita/.m2/repository/org/glassfish/javax.json/1.0.4/javax.json-1.0.4.jar:/Users/rockita/.m2/repository/com/ibm/icu/icu4j/69.1/icu4j-69.1.jar:/Users/rockita/.m2/repository/org/slf4j/slf4j-api/1.7.32/slf4j-api-1.7.32.jar:/Users/rockita/.m2/repository/org/slf4j/slf4j-simple/1.7.32/slf4j-simple-1.7.32.jar:/Users/rockita/.m2/repository/io/mavsdk/mavsdk/1.1.1/mavsdk-1.1.1.jar:/Users/rockita/.m2/repository/io/reactivex/rxjava2/rxjava/2.2.21/rxjava-2.2.21.jar:/Users/rockita/.m2/repository/org/reactivestreams/reactive-streams/1.0.3/reactive-streams-1.0.3.jar:/Users/rockita/.m2/repository/io/grpc/grpc-okhttp/1.42.1/grpc-okhttp-1.42.1.jar:/Users/rockita/.m2/repository/io/grpc/grpc-core/1.42.1/grpc-core-1.42.1.jar:/Users/rockita/.m2/repository/com/google/code/gson/gson/2.8.6/gson-2.8.6.jar:/Users/rockita/.m2/repository/com/google/android/annotations/4.1.1.4/annotations-4.1.1.4.jar:/Users/rockita/.m2/repository/org/codehaus/mojo/animal-sniffer-annotations/1.19/animal-sniffer-annotations-1.19.jar:/Users/rockita/.m2/repository/com/squareup/okhttp/okhttp/2.7.4/okhttp-2.7.4.jar:/Users/rockita/.m2/repository/com/squareup/okio/okio/1.17.5/okio-1.17.5.jar:/Users/rockita/.m2/repository/com/google/guava/guava/30.1-android/guava-30.1-android.jar:/Users/rockita/.m2/repository/com/google/guava/failureaccess/1.0.1/failureaccess-1.0.1.jar:/Users/rockita/.m2/repository/com/google/guava/listenablefuture/9999.0-empty-to-avoid-conflict-with-guava/listenablefuture-9999.0-empty-to-avoid-conflict-with-guava.jar:/Users/rockita/.m2/repository/org/checkerframework/checker-compat-qual/2.5.5/checker-compat-qual-2.5.5.jar:/Users/rockita/.m2/repository/com/google/j2objc/j2objc-annotations/1.3/j2objc-annotations-1.3.jar:/Users/rockita/.m2/repository/io/perfmark/perfmark-api/0.23.0/perfmark-api-0.23.0.jar:/Users/rockita/.m2/repository/io/grpc/grpc-protobuf-lite/1.42.1/grpc-protobuf-lite-1.42.1.jar:/Users/rockita/.m2/repository/io/grpc/grpc-api/1.42.1/grpc-api-1.42.1.jar:/Users/rockita/.m2/repository/io/grpc/grpc-context/1.42.1/grpc-context-1.42.1.jar:/Users/rockita/.m2/repository/com/google/protobuf/protobuf-javalite/3.17.2/protobuf-javalite-3.17.2.jar:/Users/rockita/.m2/repository/com/google/code/findbugs/jsr305/3.0.2/jsr305-3.0.2.jar:/Users/rockita/.m2/repository/io/grpc/grpc-stub/1.42.1/grpc-stub-1.42.1.jar:/Users/rockita/.m2/repository/com/google/errorprone/error_prone_annotations/2.9.0/error_prone_annotations-2.9.0.jar:"/>
    <property name="java.vm.vendor" value="Homebrew"/>
    <property name="sun.arch.data.model" value="64"/>
    <property name="java.vendor.url" value="https://github.com/Homebrew/homebrew-core/issues"/>
    <property name="os.name" value="Mac OS X"/>
    <property name="java.vm.specification.version" value="18"/>
    <property name="sun.java.launcher" value="SUN_STANDARD"/>
    <property name="user.country" value="US"/>
    <property name="sun.boot.library.path" value="/usr/local/Cellar/openjdk/18.0.1.1/libexec/openjdk.jdk/Contents/Home/lib"/>
    <property name="sun.java.command" value="/Users/rockita/Code/req-weak/stl/target/surefire/surefirebooter17613092827563385642.jar /Users/rockita/Code/req-weak/stl/target/surefire 2022-10-04T16-04-36_320-jvmRun1 surefire15002417477868652012tmp surefire_014219390805140128218tmp"/>
    <property name="http.nonProxyHosts" value="local|*.local|169.254/16|*.169.254/16"/>
    <property name="jdk.debug" value="release"/>
    <property name="surefire.test.class.path" value="/Users/rockita/Code/req-weak/stl/target/test-classes:/Users/rockita/Code/req-weak/stl/target/classes:/Users/rockita/.m2/repository/junit/junit/4.11/junit-4.11.jar:/Users/rockita/.m2/repository/org/hamcrest/hamcrest-core/1.3/hamcrest-core-1.3.jar:/Users/rockita/.m2/repository/com/google/ortools/ortools-java/9.3.10497/ortools-java-9.3.10497.jar:/Users/rockita/.m2/repository/com/google/ortools/ortools-linux-x86-64/9.3.10497/ortools-linux-x86-64-9.3.10497.jar:/Users/rockita/.m2/repository/com/google/ortools/ortools-darwin-x86-64/9.3.10497/ortools-darwin-x86-64-9.3.10497.jar:/Users/rockita/.m2/repository/com/google/ortools/ortools-win32-x86-64/9.3.10497/ortools-win32-x86-64-9.3.10497.jar:/Users/rockita/.m2/repository/net/java/dev/jna/jna-platform/5.8.0/jna-platform-5.8.0.jar:/Users/rockita/.m2/repository/net/java/dev/jna/jna/5.8.0/jna-5.8.0.jar:/Users/rockita/.m2/repository/com/google/protobuf/protobuf-java/3.19.4/protobuf-java-3.19.4.jar:/Users/rockita/.m2/repository/org/json/json/20220320/json-20220320.jar:/Users/rockita/.m2/repository/org/antlr/antlr4-runtime/4.10.1/antlr4-runtime-4.10.1.jar:/Users/rockita/.m2/repository/org/antlr/antlr4-maven-plugin/4.10.1/antlr4-maven-plugin-4.10.1.jar:/Users/rockita/.m2/repository/org/codehaus/plexus/plexus-compiler-api/2.9.0/plexus-compiler-api-2.9.0.jar:/Users/rockita/.m2/repository/org/codehaus/plexus/plexus-utils/3.3.0/plexus-utils-3.3.0.jar:/Users/rockita/.m2/repository/org/sonatype/plexus/plexus-build-api/0.0.7/plexus-build-api-0.0.7.jar:/Users/rockita/.m2/repository/org/antlr/antlr4/4.10.1/antlr4-4.10.1.jar:/Users/rockita/.m2/repository/org/antlr/antlr-runtime/3.5.3/antlr-runtime-3.5.3.jar:/Users/rockita/.m2/repository/org/antlr/ST4/4.3.3/ST4-4.3.3.jar:/Users/rockita/.m2/repository/org/abego/treelayout/org.abego.treelayout.core/1.0.3/org.abego.treelayout.core-1.0.3.jar:/Users/rockita/.m2/repository/org/glassfish/javax.json/1.0.4/javax.json-1.0.4.jar:/Users/rockita/.m2/repository/com/ibm/icu/icu4j/69.1/icu4j-69.1.jar:/Users/rockita/.m2/repository/org/slf4j/slf4j-api/1.7.32/slf4j-api-1.7.32.jar:/Users/rockita/.m2/repository/org/slf4j/slf4j-simple/1.7.32/slf4j-simple-1.7.32.jar:/Users/rockita/.m2/repository/io/mavsdk/mavsdk/1.1.1/mavsdk-1.1.1.jar:/Users/rockita/.m2/repository/io/reactivex/rxjava2/rxjava/2.2.21/rxjava-2.2.21.jar:/Users/rockita/.m2/repository/org/reactivestreams/reactive-streams/1.0.3/reactive-streams-1.0.3.jar:/Users/rockita/.m2/repository/io/grpc/grpc-okhttp/1.42.1/grpc-okhttp-1.42.1.jar:/Users/rockita/.m2/repository/io/grpc/grpc-core/1.42.1/grpc-core-1.42.1.jar:/Users/rockita/.m2/repository/com/google/code/gson/gson/2.8.6/gson-2.8.6.jar:/Users/rockita/.m2/repository/com/google/android/annotations/4.1.1.4/annotations-4.1.1.4.jar:/Users/rockita/.m2/repository/org/codehaus/mojo/animal-sniffer-annotations/1.19/animal-sniffer-annotations-1.19.jar:/Users/rockita/.m2/repository/com/squareup/okhttp/okhttp/2.7.4/okhttp-2.7.4.jar:/Users/rockita/.m2/repository/com/squareup/okio/okio/1.17.5/okio-1.17.5.jar:/Users/rockita/.m2/repository/com/google/guava/guava/30.1-android/guava-30.1-android.jar:/Users/rockita/.m2/repository/com/google/guava/failureaccess/1.0.1/failureaccess-1.0.1.jar:/Users/rockita/.m2/repository/com/google/guava/listenablefuture/9999.0-empty-to-avoid-conflict-with-guava/listenablefuture-9999.0-empty-to-avoid-conflict-with-guava.jar:/Users/rockita/.m2/repository/org/checkerframework/checker-compat-qual/2.5.5/checker-compat-qual-2.5.5.jar:/Users/rockita/.m2/repository/com/google/j2objc/j2objc-annotations/1.3/j2objc-annotations-1.3.jar:/Users/rockita/.m2/repository/io/perfmark/perfmark-api/0.23.0/perfmark-api-0.23.0.jar:/Users/rockita/.m2/repository/io/grpc/grpc-protobuf-lite/1.42.1/grpc-protobuf-lite-1.42.1.jar:/Users/rockita/.m2/repository/io/grpc/grpc-api/1.42.1/grpc-api-1.42.1.jar:/Users/rockita/.m2/repository/io/grpc/grpc-context/1.42.1/grpc-context-1.42.1.jar:/Users/rockita/.m2/repository/com/google/protobuf/protobuf-javalite/3.17.2/protobuf-javalite-3.17.2.jar:/Users/rockita/.m2/repository/com/google/code/findbugs/jsr305/3.0.2/jsr305-3.0.2.jar:/Users/rockita/.m2/repository/io/grpc/grpc-stub/1.42.1/grpc-stub-1.42.1.jar:/Users/rockita/.m2/repository/com/google/errorprone/error_prone_annotations/2.9.0/error_prone_annotations-2.9.0.jar:"/>
    <property name="sun.cpu.endian" value="little"/>
    <property name="user.home" value="/Users/rockita"/>
    <property name="user.language" value="en"/>
    <property name="java.specification.vendor" value="Oracle Corporation"/>
    <property name="java.version.date" value="2022-04-22"/>
    <property name="java.home" value="/usr/local/Cellar/openjdk/18.0.1.1/libexec/openjdk.jdk/Contents/Home"/>
    <property name="file.separator" value="/"/>
    <property name="basedir" value="/Users/rockita/Code/req-weak/stl"/>
    <property name="java.vm.compressedOopsMode" value="Zero based"/>
    <property name="line.separator" value="&#10;"/>
    <property name="java.vm.specification.vendor" value="Oracle Corporation"/>
    <property name="java.specification.name" value="Java Platform API Specification"/>
    <property name="apple.awt.application.name" value="ForkedBooter"/>
    <property name="surefire.real.class.path" value="/Users/rockita/Code/req-weak/stl/target/surefire/surefirebooter17613092827563385642.jar"/>
    <property name="sun.management.compiler" value="HotSpot 64-Bit Tiered Compilers"/>
    <property name="ftp.nonProxyHosts" value="local|*.local|169.254/16|*.169.254/16"/>
    <property name="java.runtime.version" value="18.0.1.1+0"/>
    <property name="user.name" value="rockita"/>
    <property name="path.separator" value=":"/>
    <property name="os.version" value="11.7"/>
    <property name="java.runtime.name" value="OpenJDK Runtime Environment"/>
    <property name="file.encoding" value="UTF-8"/>
    <property name="java.vm.name" value="OpenJDK 64-Bit Server VM"/>
    <property name="java.vendor.version" value="Homebrew"/>
    <property name="localRepository" value="/Users/rockita/.m2/repository"/>
    <property name="java.vendor.url.bug" value="https://github.com/Homebrew/homebrew-core/issues"/>
    <property name="java.io.tmpdir" value="/var/folders/kr/53fpvl5n70vbrj0bdlsl5dw40000gp/T/"/>
    <property name="java.version" value="18.0.1.1"/>
    <property name="user.dir" value="/Users/rockita/Code/req-weak/stl"/>
    <property name="os.arch" value="x86_64"/>
    <property name="java.vm.specification.name" value="Java Virtual Machine Specification"/>
    <property name="native.encoding" value="UTF-8"/>
    <property name="java.library.path" value="/Users/rockita/Library/Java/Extensions:/Library/Java/Extensions:/Network/Library/Java/Extensions:/System/Library/Java/Extensions:/usr/lib/java:."/>
    <property name="java.vm.info" value="mixed mode, sharing"/>
    <property name="java.vendor" value="Homebrew"/>
    <property name="java.vm.version" value="18.0.1.1+0"/>
    <property name="sun.io.unicode.encoding" value="UnicodeBig"/>
    <property name="socksNonProxyHosts" value="local|*.local|169.254/16|*.169.254/16"/>
    <property name="java.class.version" value="62.0"/>
  </properties>
  <testcase name="run" classname="edu.cmu.stl.encoder.ints.util.EncodingTest" time="0"/>
</testsuite>